{"numFailedTestSuites":1,"numFailedTests":7,"numPassedTestSuites":0,"numPassedTests":0,"numPendingTestSuites":0,"numPendingTests":0,"numRuntimeErrorTestSuites":0,"numTodoTests":0,"numTotalTestSuites":1,"numTotalTests":7,"openHandles":[],"snapshot":{"added":0,"didUpdate":false,"failure":false,"filesAdded":0,"filesRemoved":0,"filesRemovedList":[],"filesUnmatched":0,"filesUpdated":0,"matched":0,"total":0,"unchecked":0,"uncheckedKeysByFile":[],"unmatched":0,"updated":0},"startTime":1761322459605,"success":false,"testResults":[{"assertionResults":[{"ancestorTitles":["soql_suggestions_config.json"],"duration":1,"failureDetails":[{}],"failureMessages":["SyntaxError: Bad control character in string literal in JSON at position 13020\n    at JSON.parse (<anonymous>)\n    at parse (/Users/manas/IdeaProjects/sf-audit-extractor/soql_suggestions_config.spec.js:29:23)\n    at Object.loadJsonConfig (/Users/manas/IdeaProjects/sf-audit-extractor/soql_suggestions_config.spec.js:79:32)\n    at Promise.then.completed (/Users/manas/IdeaProjects/sf-audit-extractor/node_modules/jest-circus/build/utils.js:298:28)\n    at new Promise (<anonymous>)\n    at callAsyncCircusFn (/Users/manas/IdeaProjects/sf-audit-extractor/node_modules/jest-circus/build/utils.js:231:10)\n    at _callCircusTest (/Users/manas/IdeaProjects/sf-audit-extractor/node_modules/jest-circus/build/run.js:316:40)\n    at _runTest (/Users/manas/IdeaProjects/sf-audit-extractor/node_modules/jest-circus/build/run.js:252:3)\n    at _runTestsForDescribeBlock (/Users/manas/IdeaProjects/sf-audit-extractor/node_modules/jest-circus/build/run.js:126:9)\n    at _runTestsForDescribeBlock (/Users/manas/IdeaProjects/sf-audit-extractor/node_modules/jest-circus/build/run.js:121:9)\n    at run (/Users/manas/IdeaProjects/sf-audit-extractor/node_modules/jest-circus/build/run.js:71:3)\n    at runAndTransformResultsToJestFormat (/Users/manas/IdeaProjects/sf-audit-extractor/node_modules/jest-circus/build/legacy-code-todo-rewrite/jestAdapterInit.js:122:21)\n    at jestAdapter (/Users/manas/IdeaProjects/sf-audit-extractor/node_modules/jest-circus/build/legacy-code-todo-rewrite/jestAdapter.js:79:19)\n    at runTestInternal (/Users/manas/IdeaProjects/sf-audit-extractor/node_modules/jest-runner/build/runTest.js:367:16)\n    at runTest (/Users/manas/IdeaProjects/sf-audit-extractor/node_modules/jest-runner/build/runTest.js:444:34)"],"fullName":"soql_suggestions_config.json loads and has expected top-level shape","invocations":1,"location":{"column":5,"line":78},"numPassingAsserts":0,"retryReasons":[],"status":"failed","title":"loads and has expected top-level shape"},{"ancestorTitles":["soql_suggestions_config.json"],"duration":1,"failureDetails":[{}],"failureMessages":["SyntaxError: Bad control character in string literal in JSON at position 13020\n    at JSON.parse (<anonymous>)\n    at parse (/Users/manas/IdeaProjects/sf-audit-extractor/soql_suggestions_config.spec.js:29:23)\n    at Object.loadJsonConfig (/Users/manas/IdeaProjects/sf-audit-extractor/soql_suggestions_config.spec.js:97:26)\n    at Promise.then.completed (/Users/manas/IdeaProjects/sf-audit-extractor/node_modules/jest-circus/build/utils.js:298:28)\n    at new Promise (<anonymous>)\n    at callAsyncCircusFn (/Users/manas/IdeaProjects/sf-audit-extractor/node_modules/jest-circus/build/utils.js:231:10)\n    at _callCircusTest (/Users/manas/IdeaProjects/sf-audit-extractor/node_modules/jest-circus/build/run.js:316:40)\n    at _runTest (/Users/manas/IdeaProjects/sf-audit-extractor/node_modules/jest-circus/build/run.js:252:3)\n    at _runTestsForDescribeBlock (/Users/manas/IdeaProjects/sf-audit-extractor/node_modules/jest-circus/build/run.js:126:9)\n    at _runTestsForDescribeBlock (/Users/manas/IdeaProjects/sf-audit-extractor/node_modules/jest-circus/build/run.js:121:9)\n    at run (/Users/manas/IdeaProjects/sf-audit-extractor/node_modules/jest-circus/build/run.js:71:3)\n    at runAndTransformResultsToJestFormat (/Users/manas/IdeaProjects/sf-audit-extractor/node_modules/jest-circus/build/legacy-code-todo-rewrite/jestAdapterInit.js:122:21)\n    at jestAdapter (/Users/manas/IdeaProjects/sf-audit-extractor/node_modules/jest-circus/build/legacy-code-todo-rewrite/jestAdapter.js:79:19)\n    at runTestInternal (/Users/manas/IdeaProjects/sf-audit-extractor/node_modules/jest-runner/build/runTest.js:367:16)\n    at runTest (/Users/manas/IdeaProjects/sf-audit-extractor/node_modules/jest-runner/build/runTest.js:444:34)"],"fullName":"soql_suggestions_config.json all suggestion ids are unique and non-empty","invocations":1,"location":{"column":5,"line":96},"numPassingAsserts":0,"retryReasons":[],"status":"failed","title":"all suggestion ids are unique and non-empty"},{"ancestorTitles":["soql_suggestions_config.json"],"duration":1,"failureDetails":[{}],"failureMessages":["SyntaxError: Bad control character in string literal in JSON at position 13020\n    at JSON.parse (<anonymous>)\n    at parse (/Users/manas/IdeaProjects/sf-audit-extractor/soql_suggestions_config.spec.js:29:23)\n    at Object.loadJsonConfig (/Users/manas/IdeaProjects/sf-audit-extractor/soql_suggestions_config.spec.js:110:26)\n    at Promise.then.completed (/Users/manas/IdeaProjects/sf-audit-extractor/node_modules/jest-circus/build/utils.js:298:28)\n    at new Promise (<anonymous>)\n    at callAsyncCircusFn (/Users/manas/IdeaProjects/sf-audit-extractor/node_modules/jest-circus/build/utils.js:231:10)\n    at _callCircusTest (/Users/manas/IdeaProjects/sf-audit-extractor/node_modules/jest-circus/build/run.js:316:40)\n    at _runTest (/Users/manas/IdeaProjects/sf-audit-extractor/node_modules/jest-circus/build/run.js:252:3)\n    at _runTestsForDescribeBlock (/Users/manas/IdeaProjects/sf-audit-extractor/node_modules/jest-circus/build/run.js:126:9)\n    at _runTestsForDescribeBlock (/Users/manas/IdeaProjects/sf-audit-extractor/node_modules/jest-circus/build/run.js:121:9)\n    at run (/Users/manas/IdeaProjects/sf-audit-extractor/node_modules/jest-circus/build/run.js:71:3)\n    at runAndTransformResultsToJestFormat (/Users/manas/IdeaProjects/sf-audit-extractor/node_modules/jest-circus/build/legacy-code-todo-rewrite/jestAdapterInit.js:122:21)\n    at jestAdapter (/Users/manas/IdeaProjects/sf-audit-extractor/node_modules/jest-circus/build/legacy-code-todo-rewrite/jestAdapter.js:79:19)\n    at runTestInternal (/Users/manas/IdeaProjects/sf-audit-extractor/node_modules/jest-runner/build/runTest.js:367:16)\n    at runTest (/Users/manas/IdeaProjects/sf-audit-extractor/node_modules/jest-runner/build/runTest.js:444:34)"],"fullName":"soql_suggestions_config.json contains required core rules","invocations":1,"location":{"column":5,"line":109},"numPassingAsserts":0,"retryReasons":[],"status":"failed","title":"contains required core rules"},{"ancestorTitles":["soql_suggestions_engine + config integration (smoke tests)"],"duration":0,"failureDetails":[{}],"failureMessages":["SyntaxError: Bad control character in string literal in JSON at position 13020\n    at JSON.parse (<anonymous>)\n    at parse (/Users/manas/IdeaProjects/sf-audit-extractor/soql_suggestions_config.spec.js:29:23)\n    at loadJsonConfig (/Users/manas/IdeaProjects/sf-audit-extractor/soql_suggestions_config.spec.js:124:26)\n    at Generator.call (/Users/manas/IdeaProjects/sf-audit-extractor/soql_suggestions_config.spec.js:2:1)\n    at Generator._invoke [as next] (/Users/manas/IdeaProjects/sf-audit-extractor/soql_suggestions_config.spec.js:2:1)\n    at asyncGeneratorStep (/Users/manas/IdeaProjects/sf-audit-extractor/soql_suggestions_config.spec.js:2:1)\n    at asyncGeneratorStep (/Users/manas/IdeaProjects/sf-audit-extractor/soql_suggestions_config.spec.js:2:1)\n    at _next (/Users/manas/IdeaProjects/sf-audit-extractor/soql_suggestions_config.spec.js:2:1)\n    at new Promise (<anonymous>)\n    at Object.<anonymous> (/Users/manas/IdeaProjects/sf-audit-extractor/soql_suggestions_config.spec.js:2:1)\n    at Promise.then.completed (/Users/manas/IdeaProjects/sf-audit-extractor/node_modules/jest-circus/build/utils.js:298:28)\n    at new Promise (<anonymous>)\n    at callAsyncCircusFn (/Users/manas/IdeaProjects/sf-audit-extractor/node_modules/jest-circus/build/utils.js:231:10)\n    at _callCircusHook (/Users/manas/IdeaProjects/sf-audit-extractor/node_modules/jest-circus/build/run.js:281:40)\n    at _runTestsForDescribeBlock (/Users/manas/IdeaProjects/sf-audit-extractor/node_modules/jest-circus/build/run.js:95:7)\n    at _runTestsForDescribeBlock (/Users/manas/IdeaProjects/sf-audit-extractor/node_modules/jest-circus/build/run.js:121:9)\n    at run (/Users/manas/IdeaProjects/sf-audit-extractor/node_modules/jest-circus/build/run.js:71:3)\n    at runAndTransformResultsToJestFormat (/Users/manas/IdeaProjects/sf-audit-extractor/node_modules/jest-circus/build/legacy-code-todo-rewrite/jestAdapterInit.js:122:21)\n    at jestAdapter (/Users/manas/IdeaProjects/sf-audit-extractor/node_modules/jest-circus/build/legacy-code-todo-rewrite/jestAdapter.js:79:19)\n    at runTestInternal (/Users/manas/IdeaProjects/sf-audit-extractor/node_modules/jest-runner/build/runTest.js:367:16)\n    at runTest (/Users/manas/IdeaProjects/sf-audit-extractor/node_modules/jest-runner/build/runTest.js:444:34)"],"fullName":"soql_suggestions_engine + config integration (smoke tests) empty editor → offers 'Start a SELECT'","invocations":1,"location":{"column":5,"line":137},"numPassingAsserts":0,"retryReasons":[],"status":"failed","title":"empty editor → offers 'Start a SELECT'"},{"ancestorTitles":["soql_suggestions_engine + config integration (smoke tests)"],"duration":0,"failureDetails":[{}],"failureMessages":["SyntaxError: Bad control character in string literal in JSON at position 13020\n    at JSON.parse (<anonymous>)\n    at parse (/Users/manas/IdeaProjects/sf-audit-extractor/soql_suggestions_config.spec.js:29:23)\n    at loadJsonConfig (/Users/manas/IdeaProjects/sf-audit-extractor/soql_suggestions_config.spec.js:124:26)\n    at Generator.call (/Users/manas/IdeaProjects/sf-audit-extractor/soql_suggestions_config.spec.js:2:1)\n    at Generator._invoke [as next] (/Users/manas/IdeaProjects/sf-audit-extractor/soql_suggestions_config.spec.js:2:1)\n    at asyncGeneratorStep (/Users/manas/IdeaProjects/sf-audit-extractor/soql_suggestions_config.spec.js:2:1)\n    at asyncGeneratorStep (/Users/manas/IdeaProjects/sf-audit-extractor/soql_suggestions_config.spec.js:2:1)\n    at _next (/Users/manas/IdeaProjects/sf-audit-extractor/soql_suggestions_config.spec.js:2:1)\n    at new Promise (<anonymous>)\n    at Object.<anonymous> (/Users/manas/IdeaProjects/sf-audit-extractor/soql_suggestions_config.spec.js:2:1)\n    at Promise.then.completed (/Users/manas/IdeaProjects/sf-audit-extractor/node_modules/jest-circus/build/utils.js:298:28)\n    at new Promise (<anonymous>)\n    at callAsyncCircusFn (/Users/manas/IdeaProjects/sf-audit-extractor/node_modules/jest-circus/build/utils.js:231:10)\n    at _callCircusHook (/Users/manas/IdeaProjects/sf-audit-extractor/node_modules/jest-circus/build/run.js:281:40)\n    at _runTestsForDescribeBlock (/Users/manas/IdeaProjects/sf-audit-extractor/node_modules/jest-circus/build/run.js:95:7)\n    at _runTestsForDescribeBlock (/Users/manas/IdeaProjects/sf-audit-extractor/node_modules/jest-circus/build/run.js:121:9)\n    at run (/Users/manas/IdeaProjects/sf-audit-extractor/node_modules/jest-circus/build/run.js:71:3)\n    at runAndTransformResultsToJestFormat (/Users/manas/IdeaProjects/sf-audit-extractor/node_modules/jest-circus/build/legacy-code-todo-rewrite/jestAdapterInit.js:122:21)\n    at jestAdapter (/Users/manas/IdeaProjects/sf-audit-extractor/node_modules/jest-circus/build/legacy-code-todo-rewrite/jestAdapter.js:79:19)\n    at runTestInternal (/Users/manas/IdeaProjects/sf-audit-extractor/node_modules/jest-runner/build/runTest.js:367:16)\n    at runTest (/Users/manas/IdeaProjects/sf-audit-extractor/node_modules/jest-runner/build/runTest.js:444:34)"],"fullName":"soql_suggestions_engine + config integration (smoke tests) after 'SELECT ' → offers FIELDS(...) helpers","invocations":1,"location":{"column":5,"line":153},"numPassingAsserts":0,"retryReasons":[],"status":"failed","title":"after 'SELECT ' → offers FIELDS(...) helpers"},{"ancestorTitles":["soql_suggestions_engine + config integration (smoke tests)"],"duration":0,"failureDetails":[{}],"failureMessages":["SyntaxError: Bad control character in string literal in JSON at position 13020\n    at JSON.parse (<anonymous>)\n    at parse (/Users/manas/IdeaProjects/sf-audit-extractor/soql_suggestions_config.spec.js:29:23)\n    at loadJsonConfig (/Users/manas/IdeaProjects/sf-audit-extractor/soql_suggestions_config.spec.js:124:26)\n    at Generator.call (/Users/manas/IdeaProjects/sf-audit-extractor/soql_suggestions_config.spec.js:2:1)\n    at Generator._invoke [as next] (/Users/manas/IdeaProjects/sf-audit-extractor/soql_suggestions_config.spec.js:2:1)\n    at asyncGeneratorStep (/Users/manas/IdeaProjects/sf-audit-extractor/soql_suggestions_config.spec.js:2:1)\n    at asyncGeneratorStep (/Users/manas/IdeaProjects/sf-audit-extractor/soql_suggestions_config.spec.js:2:1)\n    at _next (/Users/manas/IdeaProjects/sf-audit-extractor/soql_suggestions_config.spec.js:2:1)\n    at new Promise (<anonymous>)\n    at Object.<anonymous> (/Users/manas/IdeaProjects/sf-audit-extractor/soql_suggestions_config.spec.js:2:1)\n    at Promise.then.completed (/Users/manas/IdeaProjects/sf-audit-extractor/node_modules/jest-circus/build/utils.js:298:28)\n    at new Promise (<anonymous>)\n    at callAsyncCircusFn (/Users/manas/IdeaProjects/sf-audit-extractor/node_modules/jest-circus/build/utils.js:231:10)\n    at _callCircusHook (/Users/manas/IdeaProjects/sf-audit-extractor/node_modules/jest-circus/build/run.js:281:40)\n    at _runTestsForDescribeBlock (/Users/manas/IdeaProjects/sf-audit-extractor/node_modules/jest-circus/build/run.js:95:7)\n    at _runTestsForDescribeBlock (/Users/manas/IdeaProjects/sf-audit-extractor/node_modules/jest-circus/build/run.js:121:9)\n    at run (/Users/manas/IdeaProjects/sf-audit-extractor/node_modules/jest-circus/build/run.js:71:3)\n    at runAndTransformResultsToJestFormat (/Users/manas/IdeaProjects/sf-audit-extractor/node_modules/jest-circus/build/legacy-code-todo-rewrite/jestAdapterInit.js:122:21)\n    at jestAdapter (/Users/manas/IdeaProjects/sf-audit-extractor/node_modules/jest-circus/build/legacy-code-todo-rewrite/jestAdapter.js:79:19)\n    at runTestInternal (/Users/manas/IdeaProjects/sf-audit-extractor/node_modules/jest-runner/build/runTest.js:367:16)\n    at runTest (/Users/manas/IdeaProjects/sf-audit-extractor/node_modules/jest-runner/build/runTest.js:444:34)"],"fullName":"soql_suggestions_engine + config integration (smoke tests) after 'SELECT FIELDS(ALL) ' → suggests FROM","invocations":1,"location":{"column":5,"line":167},"numPassingAsserts":0,"retryReasons":[],"status":"failed","title":"after 'SELECT FIELDS(ALL) ' → suggests FROM"},{"ancestorTitles":["soql_suggestions_engine + config integration (smoke tests)"],"duration":0,"failureDetails":[{}],"failureMessages":["SyntaxError: Bad control character in string literal in JSON at position 13020\n    at JSON.parse (<anonymous>)\n    at parse (/Users/manas/IdeaProjects/sf-audit-extractor/soql_suggestions_config.spec.js:29:23)\n    at loadJsonConfig (/Users/manas/IdeaProjects/sf-audit-extractor/soql_suggestions_config.spec.js:124:26)\n    at Generator.call (/Users/manas/IdeaProjects/sf-audit-extractor/soql_suggestions_config.spec.js:2:1)\n    at Generator._invoke [as next] (/Users/manas/IdeaProjects/sf-audit-extractor/soql_suggestions_config.spec.js:2:1)\n    at asyncGeneratorStep (/Users/manas/IdeaProjects/sf-audit-extractor/soql_suggestions_config.spec.js:2:1)\n    at asyncGeneratorStep (/Users/manas/IdeaProjects/sf-audit-extractor/soql_suggestions_config.spec.js:2:1)\n    at _next (/Users/manas/IdeaProjects/sf-audit-extractor/soql_suggestions_config.spec.js:2:1)\n    at new Promise (<anonymous>)\n    at Object.<anonymous> (/Users/manas/IdeaProjects/sf-audit-extractor/soql_suggestions_config.spec.js:2:1)\n    at Promise.then.completed (/Users/manas/IdeaProjects/sf-audit-extractor/node_modules/jest-circus/build/utils.js:298:28)\n    at new Promise (<anonymous>)\n    at callAsyncCircusFn (/Users/manas/IdeaProjects/sf-audit-extractor/node_modules/jest-circus/build/utils.js:231:10)\n    at _callCircusHook (/Users/manas/IdeaProjects/sf-audit-extractor/node_modules/jest-circus/build/run.js:281:40)\n    at _runTestsForDescribeBlock (/Users/manas/IdeaProjects/sf-audit-extractor/node_modules/jest-circus/build/run.js:95:7)\n    at _runTestsForDescribeBlock (/Users/manas/IdeaProjects/sf-audit-extractor/node_modules/jest-circus/build/run.js:121:9)\n    at run (/Users/manas/IdeaProjects/sf-audit-extractor/node_modules/jest-circus/build/run.js:71:3)\n    at runAndTransformResultsToJestFormat (/Users/manas/IdeaProjects/sf-audit-extractor/node_modules/jest-circus/build/legacy-code-todo-rewrite/jestAdapterInit.js:122:21)\n    at jestAdapter (/Users/manas/IdeaProjects/sf-audit-extractor/node_modules/jest-circus/build/legacy-code-todo-rewrite/jestAdapter.js:79:19)\n    at runTestInternal (/Users/manas/IdeaProjects/sf-audit-extractor/node_modules/jest-runner/build/runTest.js:367:16)\n    at runTest (/Users/manas/IdeaProjects/sf-audit-extractor/node_modules/jest-runner/build/runTest.js:444:34)"],"fullName":"soql_suggestions_engine + config integration (smoke tests) after SELECT…FROM Account → suggests WHERE (and not LIMIT yet)","invocations":1,"location":{"column":5,"line":182},"numPassingAsserts":0,"retryReasons":[],"status":"failed","title":"after SELECT…FROM Account → suggests WHERE (and not LIMIT yet)"}],"endTime":1761322460188,"message":"  ● soql_suggestions_config.json › loads and has expected top-level shape\n\n    SyntaxError: Bad control character in string literal in JSON at position 13020\n        at JSON.parse (<anonymous>)\n\n    \u001b[0m \u001b[90m 27 |\u001b[39m     \u001b[36mconst\u001b[39m file \u001b[33m=\u001b[39m findFile(candidates)\u001b[33m;\u001b[39m\n     \u001b[90m 28 |\u001b[39m     \u001b[36mconst\u001b[39m raw \u001b[33m=\u001b[39m fs\u001b[33m.\u001b[39mreadFileSync(file\u001b[33m,\u001b[39m \u001b[32m\"utf8\"\u001b[39m)\u001b[33m;\u001b[39m\n    \u001b[31m\u001b[1m>\u001b[22m\u001b[39m\u001b[90m 29 |\u001b[39m     \u001b[36mconst\u001b[39m json \u001b[33m=\u001b[39m \u001b[33mJSON\u001b[39m\u001b[33m.\u001b[39mparse(raw)\u001b[33m;\u001b[39m\n     \u001b[90m    |\u001b[39m                       \u001b[31m\u001b[1m^\u001b[22m\u001b[39m\n     \u001b[90m 30 |\u001b[39m     \u001b[36mreturn\u001b[39m { json\u001b[33m,\u001b[39m file }\u001b[33m;\u001b[39m\n     \u001b[90m 31 |\u001b[39m }\n     \u001b[90m 32 |\u001b[39m\u001b[0m\n\n      at parse (soql_suggestions_config.spec.js:29:23)\n      at Object.loadJsonConfig (soql_suggestions_config.spec.js:79:32)\n\n  ● soql_suggestions_config.json › all suggestion ids are unique and non-empty\n\n    SyntaxError: Bad control character in string literal in JSON at position 13020\n        at JSON.parse (<anonymous>)\n\n    \u001b[0m \u001b[90m 27 |\u001b[39m     \u001b[36mconst\u001b[39m file \u001b[33m=\u001b[39m findFile(candidates)\u001b[33m;\u001b[39m\n     \u001b[90m 28 |\u001b[39m     \u001b[36mconst\u001b[39m raw \u001b[33m=\u001b[39m fs\u001b[33m.\u001b[39mreadFileSync(file\u001b[33m,\u001b[39m \u001b[32m\"utf8\"\u001b[39m)\u001b[33m;\u001b[39m\n    \u001b[31m\u001b[1m>\u001b[22m\u001b[39m\u001b[90m 29 |\u001b[39m     \u001b[36mconst\u001b[39m json \u001b[33m=\u001b[39m \u001b[33mJSON\u001b[39m\u001b[33m.\u001b[39mparse(raw)\u001b[33m;\u001b[39m\n     \u001b[90m    |\u001b[39m                       \u001b[31m\u001b[1m^\u001b[22m\u001b[39m\n     \u001b[90m 30 |\u001b[39m     \u001b[36mreturn\u001b[39m { json\u001b[33m,\u001b[39m file }\u001b[33m;\u001b[39m\n     \u001b[90m 31 |\u001b[39m }\n     \u001b[90m 32 |\u001b[39m\u001b[0m\n\n      at parse (soql_suggestions_config.spec.js:29:23)\n      at Object.loadJsonConfig (soql_suggestions_config.spec.js:97:26)\n\n  ● soql_suggestions_config.json › contains required core rules\n\n    SyntaxError: Bad control character in string literal in JSON at position 13020\n        at JSON.parse (<anonymous>)\n\n    \u001b[0m \u001b[90m 27 |\u001b[39m     \u001b[36mconst\u001b[39m file \u001b[33m=\u001b[39m findFile(candidates)\u001b[33m;\u001b[39m\n     \u001b[90m 28 |\u001b[39m     \u001b[36mconst\u001b[39m raw \u001b[33m=\u001b[39m fs\u001b[33m.\u001b[39mreadFileSync(file\u001b[33m,\u001b[39m \u001b[32m\"utf8\"\u001b[39m)\u001b[33m;\u001b[39m\n    \u001b[31m\u001b[1m>\u001b[22m\u001b[39m\u001b[90m 29 |\u001b[39m     \u001b[36mconst\u001b[39m json \u001b[33m=\u001b[39m \u001b[33mJSON\u001b[39m\u001b[33m.\u001b[39mparse(raw)\u001b[33m;\u001b[39m\n     \u001b[90m    |\u001b[39m                       \u001b[31m\u001b[1m^\u001b[22m\u001b[39m\n     \u001b[90m 30 |\u001b[39m     \u001b[36mreturn\u001b[39m { json\u001b[33m,\u001b[39m file }\u001b[33m;\u001b[39m\n     \u001b[90m 31 |\u001b[39m }\n     \u001b[90m 32 |\u001b[39m\u001b[0m\n\n      at parse (soql_suggestions_config.spec.js:29:23)\n      at Object.loadJsonConfig (soql_suggestions_config.spec.js:110:26)\n\n  ● soql_suggestions_engine + config integration (smoke tests) › empty editor → offers 'Start a SELECT'\n\n    SyntaxError: Bad control character in string literal in JSON at position 13020\n        at JSON.parse (<anonymous>)\n\n    \u001b[0m \u001b[90m 27 |\u001b[39m     \u001b[36mconst\u001b[39m file \u001b[33m=\u001b[39m findFile(candidates)\u001b[33m;\u001b[39m\n     \u001b[90m 28 |\u001b[39m     \u001b[36mconst\u001b[39m raw \u001b[33m=\u001b[39m fs\u001b[33m.\u001b[39mreadFileSync(file\u001b[33m,\u001b[39m \u001b[32m\"utf8\"\u001b[39m)\u001b[33m;\u001b[39m\n    \u001b[31m\u001b[1m>\u001b[22m\u001b[39m\u001b[90m 29 |\u001b[39m     \u001b[36mconst\u001b[39m json \u001b[33m=\u001b[39m \u001b[33mJSON\u001b[39m\u001b[33m.\u001b[39mparse(raw)\u001b[33m;\u001b[39m\n     \u001b[90m    |\u001b[39m                       \u001b[31m\u001b[1m^\u001b[22m\u001b[39m\n     \u001b[90m 30 |\u001b[39m     \u001b[36mreturn\u001b[39m { json\u001b[33m,\u001b[39m file }\u001b[33m;\u001b[39m\n     \u001b[90m 31 |\u001b[39m }\n     \u001b[90m 32 |\u001b[39m\u001b[0m\n\n      at parse (soql_suggestions_config.spec.js:29:23)\n      at loadJsonConfig (soql_suggestions_config.spec.js:124:26)\n      at Generator.call (soql_suggestions_config.spec.js:2:1)\n      at Generator._invoke [as next] (soql_suggestions_config.spec.js:2:1)\n      at asyncGeneratorStep (soql_suggestions_config.spec.js:2:1)\n      at asyncGeneratorStep (soql_suggestions_config.spec.js:2:1)\n      at _next (soql_suggestions_config.spec.js:2:1)\n      at Object.<anonymous> (soql_suggestions_config.spec.js:2:1)\n\n  ● soql_suggestions_engine + config integration (smoke tests) › after 'SELECT ' → offers FIELDS(...) helpers\n\n    SyntaxError: Bad control character in string literal in JSON at position 13020\n        at JSON.parse (<anonymous>)\n\n    \u001b[0m \u001b[90m 27 |\u001b[39m     \u001b[36mconst\u001b[39m file \u001b[33m=\u001b[39m findFile(candidates)\u001b[33m;\u001b[39m\n     \u001b[90m 28 |\u001b[39m     \u001b[36mconst\u001b[39m raw \u001b[33m=\u001b[39m fs\u001b[33m.\u001b[39mreadFileSync(file\u001b[33m,\u001b[39m \u001b[32m\"utf8\"\u001b[39m)\u001b[33m;\u001b[39m\n    \u001b[31m\u001b[1m>\u001b[22m\u001b[39m\u001b[90m 29 |\u001b[39m     \u001b[36mconst\u001b[39m json \u001b[33m=\u001b[39m \u001b[33mJSON\u001b[39m\u001b[33m.\u001b[39mparse(raw)\u001b[33m;\u001b[39m\n     \u001b[90m    |\u001b[39m                       \u001b[31m\u001b[1m^\u001b[22m\u001b[39m\n     \u001b[90m 30 |\u001b[39m     \u001b[36mreturn\u001b[39m { json\u001b[33m,\u001b[39m file }\u001b[33m;\u001b[39m\n     \u001b[90m 31 |\u001b[39m }\n     \u001b[90m 32 |\u001b[39m\u001b[0m\n\n      at parse (soql_suggestions_config.spec.js:29:23)\n      at loadJsonConfig (soql_suggestions_config.spec.js:124:26)\n      at Generator.call (soql_suggestions_config.spec.js:2:1)\n      at Generator._invoke [as next] (soql_suggestions_config.spec.js:2:1)\n      at asyncGeneratorStep (soql_suggestions_config.spec.js:2:1)\n      at asyncGeneratorStep (soql_suggestions_config.spec.js:2:1)\n      at _next (soql_suggestions_config.spec.js:2:1)\n      at Object.<anonymous> (soql_suggestions_config.spec.js:2:1)\n\n  ● soql_suggestions_engine + config integration (smoke tests) › after 'SELECT FIELDS(ALL) ' → suggests FROM\n\n    SyntaxError: Bad control character in string literal in JSON at position 13020\n        at JSON.parse (<anonymous>)\n\n    \u001b[0m \u001b[90m 27 |\u001b[39m     \u001b[36mconst\u001b[39m file \u001b[33m=\u001b[39m findFile(candidates)\u001b[33m;\u001b[39m\n     \u001b[90m 28 |\u001b[39m     \u001b[36mconst\u001b[39m raw \u001b[33m=\u001b[39m fs\u001b[33m.\u001b[39mreadFileSync(file\u001b[33m,\u001b[39m \u001b[32m\"utf8\"\u001b[39m)\u001b[33m;\u001b[39m\n    \u001b[31m\u001b[1m>\u001b[22m\u001b[39m\u001b[90m 29 |\u001b[39m     \u001b[36mconst\u001b[39m json \u001b[33m=\u001b[39m \u001b[33mJSON\u001b[39m\u001b[33m.\u001b[39mparse(raw)\u001b[33m;\u001b[39m\n     \u001b[90m    |\u001b[39m                       \u001b[31m\u001b[1m^\u001b[22m\u001b[39m\n     \u001b[90m 30 |\u001b[39m     \u001b[36mreturn\u001b[39m { json\u001b[33m,\u001b[39m file }\u001b[33m;\u001b[39m\n     \u001b[90m 31 |\u001b[39m }\n     \u001b[90m 32 |\u001b[39m\u001b[0m\n\n      at parse (soql_suggestions_config.spec.js:29:23)\n      at loadJsonConfig (soql_suggestions_config.spec.js:124:26)\n      at Generator.call (soql_suggestions_config.spec.js:2:1)\n      at Generator._invoke [as next] (soql_suggestions_config.spec.js:2:1)\n      at asyncGeneratorStep (soql_suggestions_config.spec.js:2:1)\n      at asyncGeneratorStep (soql_suggestions_config.spec.js:2:1)\n      at _next (soql_suggestions_config.spec.js:2:1)\n      at Object.<anonymous> (soql_suggestions_config.spec.js:2:1)\n\n  ● soql_suggestions_engine + config integration (smoke tests) › after SELECT…FROM Account → suggests WHERE (and not LIMIT yet)\n\n    SyntaxError: Bad control character in string literal in JSON at position 13020\n        at JSON.parse (<anonymous>)\n\n    \u001b[0m \u001b[90m 27 |\u001b[39m     \u001b[36mconst\u001b[39m file \u001b[33m=\u001b[39m findFile(candidates)\u001b[33m;\u001b[39m\n     \u001b[90m 28 |\u001b[39m     \u001b[36mconst\u001b[39m raw \u001b[33m=\u001b[39m fs\u001b[33m.\u001b[39mreadFileSync(file\u001b[33m,\u001b[39m \u001b[32m\"utf8\"\u001b[39m)\u001b[33m;\u001b[39m\n    \u001b[31m\u001b[1m>\u001b[22m\u001b[39m\u001b[90m 29 |\u001b[39m     \u001b[36mconst\u001b[39m json \u001b[33m=\u001b[39m \u001b[33mJSON\u001b[39m\u001b[33m.\u001b[39mparse(raw)\u001b[33m;\u001b[39m\n     \u001b[90m    |\u001b[39m                       \u001b[31m\u001b[1m^\u001b[22m\u001b[39m\n     \u001b[90m 30 |\u001b[39m     \u001b[36mreturn\u001b[39m { json\u001b[33m,\u001b[39m file }\u001b[33m;\u001b[39m\n     \u001b[90m 31 |\u001b[39m }\n     \u001b[90m 32 |\u001b[39m\u001b[0m\n\n      at parse (soql_suggestions_config.spec.js:29:23)\n      at loadJsonConfig (soql_suggestions_config.spec.js:124:26)\n      at Generator.call (soql_suggestions_config.spec.js:2:1)\n      at Generator._invoke [as next] (soql_suggestions_config.spec.js:2:1)\n      at asyncGeneratorStep (soql_suggestions_config.spec.js:2:1)\n      at asyncGeneratorStep (soql_suggestions_config.spec.js:2:1)\n      at _next (soql_suggestions_config.spec.js:2:1)\n      at Object.<anonymous> (soql_suggestions_config.spec.js:2:1)\n","name":"/Users/manas/IdeaProjects/sf-audit-extractor/soql_suggestions_config.spec.js","startTime":1761322459619,"status":"failed","summary":""}],"wasInterrupted":false}
